[{"multicast_id":8.5515859995002e+18,"success":1,"failure":0,"canonical_ids":0,"results":[{"message_id":"0:1486472670353707%ff7fb1d3ff7fb1d3"}]}]

[{"multicast_id":4.7774284708482e+18,"success":1,"failure":0,"canonical_ids":0,"results":[{"message_id":"0:1486472761150737%ff7fb1d3ff7fb1d3"}]}]

[{"multicast_id":7.376930581758e+18,"success":1,"failure":0,"canonical_ids":0,"results":[{"message_id":"0:1486472858670938%ff7fb1d3ff7fb1d3"}]}]

[{"multicast_id":6.0858854713699e+18,"success":1,"failure":0,"canonical_ids":0,"results":[{"message_id":"0:1486472995711815%ff7fb1d3ff7fb1d3"}]}]

[]

[]

[]

[]

[]

[]

[]

[]

[]

[]

[]

[]

[]

[]

[]

[]

[]

[]

[]

[]

[]

[]

[{"multicast_id":8.6589702231674e+18,"success":1,"failure":0,"canonical_ids":0,"results":[{"message_id":"0:1486479005741880%ff7fb1d3ff7fb1d3"}]}]

[{"multicast_id":8.5620394132282e+18,"success":1,"failure":0,"canonical_ids":0,"results":[{"message_id":"0:1486479031979867%ff7fb1d3ff7fb1d3"}]}]

[{"multicast_id":5.5462291254469e+18,"success":1,"failure":0,"canonical_ids":0,"results":[{"message_id":"0:1486479057142538%ff7fb1d3ff7fb1d3"}]}]

[{"multicast_id":8.689057213379e+18,"success":1,"failure":0,"canonical_ids":0,"results":[{"message_id":"0:1486479114685223%ff7fb1d3ff7fb1d3"}]}]

[{"multicast_id":6.2127665886888e+18,"success":1,"failure":0,"canonical_ids":0,"results":[{"message_id":"0:1486479174055279%ff7fb1d3ff7fb1d3"}]}]

[{"multicast_id":8.0798824809483e+18,"success":1,"failure":0,"canonical_ids":0,"results":[{"message_id":"0:1486479234349873%ff7fb1d3ff7fb1d3"}]}]

[{"multicast_id":7.0313082868581e+18,"success":1,"failure":0,"canonical_ids":0,"results":[{"message_id":"0:1486479293661939%ff7fb1d3ff7fb1d3"}]}]

[{"multicast_id":8.7466769926511e+18,"success":1,"failure":0,"canonical_ids":0,"results":[{"message_id":"0:1486479354530100%ff7fb1d3ff7fb1d3"}]}]

[{"multicast_id":9.1064955280854e+18,"success":1,"failure":0,"canonical_ids":0,"results":[{"message_id":"0:1486479413461910%ff7fb1d3ff7fb1d3"}]}]

[{"multicast_id":5.0146228316191e+18,"success":1,"failure":0,"canonical_ids":0,"results":[{"message_id":"0:1486479476147456%ff7fb1d3ff7fb1d3"}]}]

[{"multicast_id":8.2840964989803e+18,"success":1,"failure":0,"canonical_ids":0,"results":[{"message_id":"0:1486479534241754%ff7fb1d3ff7fb1d3"}]}]

[{"multicast_id":7.9561778906215e+18,"success":1,"failure":0,"canonical_ids":0,"results":[{"message_id":"0:1486479593300770%ff7fb1d3ff7fb1d3"}]}]

[{"multicast_id":5.9833450993723e+18,"success":1,"failure":0,"canonical_ids":0,"results":[{"message_id":"0:1486479653468391%ff7fb1d3ff7fb1d3"}]}]

[{"multicast_id":6.4083992307047e+18,"success":1,"failure":0,"canonical_ids":0,"results":[{"message_id":"0:1486479713334935%ff7fb1d3ff7fb1d3"}]}]

[{"multicast_id":7.7147934358074e+18,"success":1,"failure":0,"canonical_ids":0,"results":[{"message_id":"0:1486479773277985%ff7fb1d3ff7fb1d3"}]}]

[{"multicast_id":5.1948798749406e+18,"success":1,"failure":0,"canonical_ids":0,"results":[{"message_id":"0:1486479833790436%ff7fb1d3ff7fb1d3"}]}]

[{"multicast_id":8.2608985237775e+18,"success":1,"failure":0,"canonical_ids":0,"results":[{"message_id":"0:1486479894410058%ff7fb1d3ff7fb1d3"}]}]

[{"multicast_id":4.7963971042047e+18,"success":1,"failure":0,"canonical_ids":0,"results":[{"message_id":"0:1486479954749774%ff7fb1d3ff7fb1d3"}]}]

[{"multicast_id":4.6184789931618e+18,"success":1,"failure":0,"canonical_ids":0,"results":[{"message_id":"0:1486480013143873%ff7fb1d3ff7fb1d3"}]}]

[{"multicast_id":7.8182881816268e+18,"success":1,"failure":0,"canonical_ids":0,"results":[{"message_id":"0:1486480073388970%ff7fb1d3ff7fb1d3"}]},{"multicast_id":7.92168896748e+18,"success":1,"failure":0,"canonical_ids":0,"results":[{"message_id":"0:1486480073657573%ff7fb1d3ff7fb1d3"}]}]

[{"multicast_id":4.6703498870765e+18,"success":1,"failure":0,"canonical_ids":0,"results":[{"message_id":"0:1486480134283154%ff7fb1d3ff7fb1d3"}]},{"multicast_id":7.4668538865214e+18,"success":1,"failure":0,"canonical_ids":0,"results":[{"message_id":"0:1486480134555800%ff7fb1d3ff7fb1d3"}]},{"multicast_id":6.9183275620857e+18,"success":1,"failure":0,"canonical_ids":0,"results":[{"message_id":"0:1486480134865238%ff7fb1d3ff7fb1d3"}]}]

[{"multicast_id":7.6747444911779e+18,"success":0,"failure":1,"canonical_ids":0,"results":[{"error":"NotRegistered"}]},{"multicast_id":7.0320516982078e+18,"success":0,"failure":1,"canonical_ids":0,"results":[{"error":"NotRegistered"}]},{"multicast_id":5.4538209366952e+18,"success":0,"failure":1,"canonical_ids":0,"results":[{"error":"NotRegistered"}]}]

[]

[]

[]

[]

[]

[{"multicast_id":9.0955638892976e+18,"success":1,"failure":0,"canonical_ids":0,"results":[{"message_id":"0:1486480559381319%ff7fb1d3ff7fb1d3"}]},{"multicast_id":7.6044125823408e+18,"success":1,"failure":0,"canonical_ids":0,"results":[{"message_id":"0:1486480560165370%ff7fb1d3ff7fb1d3"}]},{"multicast_id":7.2474677889338e+18,"success":1,"failure":0,"canonical_ids":0,"results":[{"message_id":"0:1486480560887149%ff7fb1d3ff7fb1d3"}]}]

[{"multicast_id":7.1452598539283e+18,"success":1,"failure":0,"canonical_ids":0,"results":[{"message_id":"0:1486480613953953%ff7fb1d3ff7fb1d3"}]},{"multicast_id":7.3858562249829e+18,"success":1,"failure":0,"canonical_ids":0,"results":[{"message_id":"0:1486480614428986%ff7fb1d3ff7fb1d3"}]},{"multicast_id":5.057806111032e+18,"success":1,"failure":0,"canonical_ids":0,"results":[{"message_id":"0:1486480614827186%ff7fb1d3ff7fb1d3"}]}]

[{"multicast_id":5.6655280664257e+18,"success":1,"failure":0,"canonical_ids":0,"results":[{"message_id":"0:1486480673346839%ff7fb1d3ff7fb1d3"}]},{"multicast_id":5.7804330236021e+18,"success":1,"failure":0,"canonical_ids":0,"results":[{"message_id":"0:1486480673701158%ff7fb1d3ff7fb1d3"}]},{"multicast_id":4.6926288090413e+18,"success":1,"failure":0,"canonical_ids":0,"results":[{"message_id":"0:1486480674131150%ff7fb1d3ff7fb1d3"}]}]

[{"multicast_id":8.0170657631296e+18,"success":1,"failure":0,"canonical_ids":0,"results":[{"message_id":"0:1486480734310232%ff7fb1d3ff7fb1d3"}]},{"multicast_id":6.2747796237618e+18,"success":1,"failure":0,"canonical_ids":0,"results":[{"message_id":"0:1486480734757710%ff7fb1d3ff7fb1d3"}]},{"multicast_id":8.8919829112899e+18,"success":1,"failure":0,"canonical_ids":0,"results":[{"message_id":"0:1486480735470648%ff7fb1d3ff7fb1d3"}]}]

[{"multicast_id":4.8819150978549e+18,"success":1,"failure":0,"canonical_ids":0,"results":[{"message_id":"0:1486480795461582%ff7fb1d3ff7fb1d3"}]},{"multicast_id":6.3929220765466e+18,"success":1,"failure":0,"canonical_ids":0,"results":[{"message_id":"0:1486480796295404%ff7fb1d3ff7fb1d3"}]},{"multicast_id":9.0494527458192e+18,"success":1,"failure":0,"canonical_ids":0,"results":[{"message_id":"0:1486480796881410%ff7fb1d3ff7fb1d3"}]}]

[{"multicast_id":5.8033000197222e+18,"success":1,"failure":0,"canonical_ids":0,"results":[{"message_id":"0:1486480854903488%ff7fb1d3ff7fb1d3"}]},{"multicast_id":5.8045325969359e+18,"success":1,"failure":0,"canonical_ids":0,"results":[{"message_id":"0:1486480855342439%ff7fb1d3ff7fb1d3"}]},{"multicast_id":7.5317937087206e+18,"success":1,"failure":0,"canonical_ids":0,"results":[{"message_id":"0:1486480855803126%ff7fb1d3ff7fb1d3"}]}]

[{"multicast_id":6.5053292180608e+18,"success":1,"failure":0,"canonical_ids":0,"results":[{"message_id":"0:1486480914539896%ff7fb1d3ff7fb1d3"}]},{"multicast_id":6.7773160723587e+18,"success":1,"failure":0,"canonical_ids":0,"results":[{"message_id":"0:1486480915361630%ff7fb1d3ff7fb1d3"}]},{"multicast_id":8.4435743713366e+18,"success":1,"failure":0,"canonical_ids":0,"results":[{"message_id":"0:1486480915967723%ff7fb1d3ff7fb1d3"}]}]

[{"multicast_id":8.4278104110998e+18,"success":1,"failure":0,"canonical_ids":0,"results":[{"message_id":"0:1486480974677765%ff7fb1d3ff7fb1d3"}]},{"multicast_id":5.5194346610814e+18,"success":1,"failure":0,"canonical_ids":0,"results":[{"message_id":"0:1486480975170990%ff7fb1d3ff7fb1d3"}]},{"multicast_id":8.762917536931e+18,"success":1,"failure":0,"canonical_ids":0,"results":[{"message_id":"0:1486480975513494%ff7fb1d3ff7fb1d3"}]}]

[{"multicast_id":4.9758488875994e+18,"success":1,"failure":0,"canonical_ids":0,"results":[{"message_id":"0:1486481034881559%ff7fb1d3ff7fb1d3"}]},{"multicast_id":7.6151806443596e+18,"success":1,"failure":0,"canonical_ids":0,"results":[{"message_id":"0:1486481035797087%ff7fb1d3ff7fb1d3"}]},{"multicast_id":4.7155894337833e+18,"success":1,"failure":0,"canonical_ids":0,"results":[{"message_id":"0:1486481036220802%ff7fb1d3ff7fb1d3"}]}]

[{"multicast_id":7.5236594084159e+18,"success":1,"failure":0,"canonical_ids":0,"results":[{"message_id":"0:1486481094533676%ff7fb1d3ff7fb1d3"}]},{"multicast_id":5.6236576456891e+18,"success":1,"failure":0,"canonical_ids":0,"results":[{"message_id":"0:1486481094971614%ff7fb1d3ff7fb1d3"}]},{"multicast_id":6.8574846488741e+18,"success":1,"failure":0,"canonical_ids":0,"results":[{"message_id":"0:1486481095370795%ff7fb1d3ff7fb1d3"}]}]

[{"multicast_id":6.3454561261465e+18,"success":1,"failure":0,"canonical_ids":0,"results":[{"message_id":"0:1486481153396004%ff7fb1d3ff7fb1d3"}]},{"multicast_id":8.7473887427158e+18,"success":1,"failure":0,"canonical_ids":0,"results":[{"message_id":"0:1486481154085228%ff7fb1d3ff7fb1d3"}]},{"multicast_id":5.6167366059945e+18,"success":1,"failure":0,"canonical_ids":0,"results":[{"message_id":"0:1486481154542055%ff7fb1d3ff7fb1d3"}]}]

[{"multicast_id":6.648050743864e+18,"success":1,"failure":0,"canonical_ids":0,"results":[{"message_id":"0:1486481214572218%ff7fb1d3ff7fb1d3"}]},{"multicast_id":5.9770657090435e+18,"success":1,"failure":0,"canonical_ids":0,"results":[{"message_id":"0:1486481214889448%ff7fb1d3ff7fb1d3"}]},{"multicast_id":6.6305697446268e+18,"success":1,"failure":0,"canonical_ids":0,"results":[{"message_id":"0:1486481215263951%ff7fb1d3ff7fb1d3"}]}]

[null,null,null]

[null,null,null]

[null,null,null]

[{"multicast_id":4.7553873697629e+18,"success":1,"failure":0,"canonical_ids":0,"results":[{"message_id":"0:1486645445558368%ff7fb1d3ff7fb1d3"}]}]

[{"multicast_id":6.8140638949813e+18,"success":1,"failure":0,"canonical_ids":0,"results":[{"message_id":"0:1486645589543992%ff7fb1d3ff7fb1d3"}]}]

[{"multicast_id":6.7939469509625e+18,"success":1,"failure":0,"canonical_ids":0,"results":[{"message_id":"0:1488006020646225%ff7fb1d3ff7fb1d3"}]}]

[{"multicast_id":8.2760137396157e+18,"success":1,"failure":0,"canonical_ids":0,"results":[{"message_id":"0:1488087197687284%ff7fb1d3ff7fb1d3"}]}]

[{"multicast_id":8.6490877233342e+18,"success":1,"failure":0,"canonical_ids":0,"results":[{"message_id":"0:1488118848226658%ff7fb1d3ff7fb1d3"}]}]

[{"multicast_id":6.0463266032654e+18,"success":1,"failure":0,"canonical_ids":0,"results":[{"message_id":"0:1488119189755790%ff7fb1d3ff7fb1d3"}]}]

[{"multicast_id":8.5480431707611e+18,"success":1,"failure":0,"canonical_ids":0,"results":[{"message_id":"0:1488119231852716%ff7fb1d3ff7fb1d3"}]}]

[{"multicast_id":9.0572676766759e+18,"success":1,"failure":0,"canonical_ids":0,"results":[{"message_id":"0:1488119893534864%ff7fb1d3ff7fb1d3"}]}]

[{"multicast_id":6.2811251830684e+18,"success":1,"failure":0,"canonical_ids":0,"results":[{"message_id":"0:1488119895908984%ff7fb1d3ff7fb1d3"}]}]

[{"multicast_id":8.0451837226602e+18,"success":1,"failure":0,"canonical_ids":0,"results":[{"message_id":"0:1488119993997400%ff7fb1d3ff7fb1d3"}]}]

[{"multicast_id":4.7109094061514e+18,"success":1,"failure":0,"canonical_ids":0,"results":[{"message_id":"0:1488120030417046%ff7fb1d3ff7fb1d3"}]}]

[{"multicast_id":4.9825971127192e+18,"success":1,"failure":0,"canonical_ids":0,"results":[{"message_id":"0:1488120084146714%ff7fb1d3ff7fb1d3"}]}]

[{"multicast_id":8.3434204492777e+18,"success":1,"failure":0,"canonical_ids":0,"results":[{"message_id":"0:1488120576815422%ff7fb1d3ff7fb1d3"}]}]

[{"multicast_id":6.6778239286947e+18,"success":1,"failure":0,"canonical_ids":0,"results":[{"message_id":"0:1488120592447588%ff7fb1d3ff7fb1d3"}]}]

[{"multicast_id":5.3832968164435e+18,"success":1,"failure":0,"canonical_ids":0,"results":[{"message_id":"0:1488120658998979%ff7fb1d3ff7fb1d3"}]}]

[{"multicast_id":6.4524308802631e+18,"success":1,"failure":0,"canonical_ids":0,"results":[{"message_id":"0:1488124495444756%ff7fb1d3ff7fb1d3"}]},{"multicast_id":6.7518450715976e+18,"success":1,"failure":0,"canonical_ids":0,"results":[{"message_id":"0:1488124495741058%ff7fb1d3ff7fb1d3"}]}]

[{"multicast_id":6.8779082152001e+18,"success":1,"failure":0,"canonical_ids":0,"results":[{"message_id":"0:1488208849864725%ff7fb1d3ff7fb1d3"}]},{"multicast_id":8.6932590356454e+18,"success":1,"failure":0,"canonical_ids":0,"results":[{"message_id":"0:1488208850248672%ff7fb1d3ff7fb1d3"}]}]

[{"multicast_id":6.5151209845569e+18,"success":1,"failure":0,"canonical_ids":0,"results":[{"message_id":"0:1488208913426627%ff7fb1d3ff7fb1d3"}]},{"multicast_id":8.0300408434241e+18,"success":1,"failure":0,"canonical_ids":0,"results":[{"message_id":"0:1488208913770716%ff7fb1d3ff7fb1d3"}]}]

[{"multicast_id":8.9077953532721e+18,"success":1,"failure":0,"canonical_ids":0,"results":[{"message_id":"0:1488208915421246%ff7fb1d3ff7fb1d3"}]},{"multicast_id":8.6079315797212e+18,"success":1,"failure":0,"canonical_ids":0,"results":[{"message_id":"0:1488208915976492%ff7fb1d3ff7fb1d3"}]}]

[{"multicast_id":6.5614130516063e+18,"success":1,"failure":0,"canonical_ids":0,"results":[{"message_id":"0:1488208973790577%ff7fb1d3ff7fb1d3"}]},{"multicast_id":4.8068809282199e+18,"success":1,"failure":0,"canonical_ids":0,"results":[{"message_id":"0:1488208974096540%ff7fb1d3ff7fb1d3"}]}]

[{"multicast_id":7.8471619471525e+18,"success":1,"failure":0,"canonical_ids":0,"results":[{"message_id":"0:1488209036205695%ff7fb1d3ff7fb1d3"}]},{"multicast_id":7.0346368414046e+18,"success":1,"failure":0,"canonical_ids":0,"results":[{"message_id":"0:1488209036540572%ff7fb1d3ff7fb1d3"}]}]

[{"multicast_id":7.8477856754474e+18,"success":1,"failure":0,"canonical_ids":0,"results":[{"message_id":"0:1488209094693286%ff7fb1d3ff7fb1d3"}]},{"multicast_id":5.582549154901e+18,"success":1,"failure":0,"canonical_ids":0,"results":[{"message_id":"0:1488209095076733%ff7fb1d3ff7fb1d3"}]}]

[{"multicast_id":8.6189001124884e+18,"success":1,"failure":0,"canonical_ids":0,"results":[{"message_id":"0:1488209153410476%ff7fb1d3ff7fb1d3"}]},{"multicast_id":7.70513679602e+18,"success":1,"failure":0,"canonical_ids":0,"results":[{"message_id":"0:1488209153761902%ff7fb1d3ff7fb1d3"}]}]

[{"multicast_id":6.8916312151918e+18,"success":1,"failure":0,"canonical_ids":0,"results":[{"message_id":"0:1488209213930594%ff7fb1d3ff7fb1d3"}]},{"multicast_id":7.6729479379146e+18,"success":1,"failure":0,"canonical_ids":0,"results":[{"message_id":"0:1488209214276929%ff7fb1d3ff7fb1d3"}]}]

[]

[{"multicast_id":6.8942586267782e+18,"success":1,"failure":0,"canonical_ids":0,"results":[{"message_id":"0:1488287705262008%ff7fb1d3ff7fb1d3"}]},{"multicast_id":5.4896740663281e+18,"success":1,"failure":0,"canonical_ids":0,"results":[{"message_id":"0:1488287705943008%ff7fb1d3ff7fb1d3"}]},{"multicast_id":8.9406044510691e+18,"success":1,"failure":0,"canonical_ids":0,"results":[{"message_id":"0:1488287706537208%ff7fb1d3ff7fb1d3"}]},{"multicast_id":7.7221280701355e+18,"success":1,"failure":0,"canonical_ids":0,"results":[{"message_id":"0:1488287707945579%ff7fb1d3ff7fb1d3"}]}]

[{"multicast_id":6.5656993316852e+18,"success":1,"failure":0,"canonical_ids":0,"results":[{"message_id":"0:1488287873428690%ff7fb1d3ff7fb1d3"}]},{"multicast_id":9.1446801328917e+18,"success":1,"failure":0,"canonical_ids":0,"results":[{"message_id":"0:1488287873786365%ff7fb1d3ff7fb1d3"}]},{"multicast_id":5.3353858544622e+18,"success":1,"failure":0,"canonical_ids":0,"results":[{"message_id":"0:1488287874168657%ff7fb1d3ff7fb1d3"}]},{"multicast_id":6.0815071555715e+18,"success":1,"failure":0,"canonical_ids":0,"results":[{"message_id":"0:1488287874656561%ff7fb1d3ff7fb1d3"}]}]

[{"multicast_id":7.1325605000687e+18,"success":1,"failure":0,"canonical_ids":0,"results":[{"message_id":"0:1488288217092955%ff7fb1d3ff7fb1d3"}]},{"multicast_id":5.9303624546179e+18,"success":1,"failure":0,"canonical_ids":0,"results":[{"message_id":"0:1488288217467232%ff7fb1d3ff7fb1d3"}]}]

[{"multicast_id":8.8338416781002e+18,"success":1,"failure":0,"canonical_ids":0,"results":[{"message_id":"0:1488288268296315%ff7fb1d3ff7fb1d3"}]}]

[{"multicast_id":6.1158025105463e+18,"success":1,"failure":0,"canonical_ids":0,"results":[{"message_id":"0:1488288297892554%ff7fb1d3ff7fb1d3"}]}]

[{"multicast_id":6.6343074318535e+18,"success":1,"failure":0,"canonical_ids":0,"results":[{"message_id":"0:1488378986536936%ff7fb1d3ff7fb1d3"}]},{"multicast_id":5.1112041500377e+18,"success":1,"failure":0,"canonical_ids":0,"results":[{"message_id":"0:1488378987067361%ff7fb1d3ff7fb1d3"}]}]

[{"multicast_id":4.9282956625602e+18,"success":1,"failure":0,"canonical_ids":0,"results":[{"message_id":"0:1488379908993829%ff7fb1d3ff7fb1d3"}]},{"multicast_id":6.4428329706757e+18,"success":1,"failure":0,"canonical_ids":0,"results":[{"message_id":"0:1488379909393404%ff7fb1d3ff7fb1d3"}]}]

[{"multicast_id":4.9449662409653e+18,"success":1,"failure":0,"canonical_ids":0,"results":[{"message_id":"0:1488379958784552%ff7fb1d3ff7fb1d3"}]},{"multicast_id":8.8807471691206e+18,"success":1,"failure":0,"canonical_ids":0,"results":[{"message_id":"0:1488379959069711%ff7fb1d3ff7fb1d3"}]}]

[{"multicast_id":8.2411739958978e+18,"success":1,"failure":0,"canonical_ids":0,"results":[{"message_id":"0:1488380017726533%ff7fb1d3ff7fb1d3"}]},{"multicast_id":8.8903368429899e+18,"success":1,"failure":0,"canonical_ids":0,"results":[{"message_id":"0:1488380018120016%ff7fb1d3ff7fb1d3"}]}]

[{"multicast_id":8.204284990721e+18,"success":1,"failure":0,"canonical_ids":0,"results":[{"message_id":"0:1488380215376141%ff7fb1d3ff7fb1d3"}]},{"multicast_id":7.6576017120104e+18,"success":1,"failure":0,"canonical_ids":0,"results":[{"message_id":"0:1488380215803688%ff7fb1d3ff7fb1d3"}]}]

[{"multicast_id":8.165454283652e+18,"success":1,"failure":0,"canonical_ids":0,"results":[{"message_id":"0:1488380253401634%ff7fb1d3ff7fb1d3"}]},{"multicast_id":5.3271034537424e+18,"success":1,"failure":0,"canonical_ids":0,"results":[{"message_id":"0:1488380253807471%ff7fb1d3ff7fb1d3"}]}]

[{"multicast_id":5.1830772822084e+18,"success":1,"failure":0,"canonical_ids":0,"results":[{"message_id":"0:1488380340604695%ff7fb1d3ff7fb1d3"}]},{"multicast_id":6.0438415290655e+18,"success":1,"failure":0,"canonical_ids":0,"results":[{"message_id":"0:1488380340935110%ff7fb1d3ff7fb1d3"}]}]

[{"multicast_id":4.9828985316584e+18,"success":1,"failure":0,"canonical_ids":0,"results":[{"message_id":"0:1488380814576731%ff7fb1d3ff7fb1d3"}]},{"multicast_id":6.5814815286668e+18,"success":1,"failure":0,"canonical_ids":0,"results":[{"message_id":"0:1488380814865900%ff7fb1d3ff7fb1d3"}]}]

[{"multicast_id":8.8740711520559e+18,"success":1,"failure":0,"canonical_ids":0,"results":[{"message_id":"0:1488381715184412%ff7fb1d3ff7fb1d3"}]},{"multicast_id":4.6861628451033e+18,"success":1,"failure":0,"canonical_ids":0,"results":[{"message_id":"0:1488381717103051%ff7fb1d3ff7fb1d3"}]}]

[{"multicast_id":8.0586590832804e+18,"success":1,"failure":0,"canonical_ids":0,"results":[{"message_id":"0:1488385313373598%ff7fb1d3ff7fb1d3"}]},{"multicast_id":8.6204590486681e+18,"success":1,"failure":0,"canonical_ids":0,"results":[{"message_id":"0:1488385313733312%ff7fb1d3ff7fb1d3"}]}]

[{"multicast_id":6.4593498247536e+18,"success":1,"failure":0,"canonical_ids":0,"results":[{"message_id":"0:1488984679277707%ff7fb1d3ff7fb1d3"}]},{"multicast_id":6.9487699201987e+18,"success":0,"failure":1,"canonical_ids":0,"results":[{"error":"NotRegistered"}]}]

[{"multicast_id":7.5733785590595e+18,"success":1,"failure":0,"canonical_ids":0,"results":[{"message_id":"0:1488984711367789%ff7fb1d3ff7fb1d3"}]},{"multicast_id":7.0877462997318e+18,"success":0,"failure":1,"canonical_ids":0,"results":[{"error":"NotRegistered"}]}]

[{"multicast_id":5.5423903458271e+18,"success":1,"failure":0,"canonical_ids":0,"results":[{"message_id":"0:1488984773706385%ff7fb1d3ff7fb1d3"}]},{"multicast_id":5.3473206765568e+18,"success":0,"failure":1,"canonical_ids":0,"results":[{"error":"NotRegistered"}]}]

[{"multicast_id":7.846322681142e+18,"success":1,"failure":0,"canonical_ids":0,"results":[{"message_id":"0:1488984853196180%ff7fb1d3ff7fb1d3"}]},{"multicast_id":7.1592401560561e+18,"success":0,"failure":1,"canonical_ids":0,"results":[{"error":"NotRegistered"}]}]

[{"multicast_id":6.7627223511645e+18,"success":1,"failure":0,"canonical_ids":0,"results":[{"message_id":"0:1488984891283326%ff7fb1d3ff7fb1d3"}]},{"multicast_id":7.5612521057523e+18,"success":0,"failure":1,"canonical_ids":0,"results":[{"error":"NotRegistered"}]}]

[{"multicast_id":8.1435173525321e+18,"success":1,"failure":0,"canonical_ids":0,"results":[{"message_id":"0:1488984951920609%ff7fb1d3ff7fb1d3"}]},{"multicast_id":5.4006778765954e+18,"success":1,"failure":0,"canonical_ids":0,"results":[{"message_id":"0:1488984952221952%ff7fb1d3ff7fb1d3"}]},{"multicast_id":5.0424800231819e+18,"success":0,"failure":1,"canonical_ids":0,"results":[{"error":"NotRegistered"}]},{"multicast_id":5.1501237549898e+18,"success":0,"failure":1,"canonical_ids":0,"results":[{"error":"NotRegistered"}]}]

[]

[]

[]

[]

[{"multicast_id":6.8458094541472e+18,"success":1,"failure":0,"canonical_ids":0,"results":[{"message_id":"0:1489064503169437%ff7fb1d3ff7fb1d3"}]},{"multicast_id":8.6620856644719e+18,"success":1,"failure":0,"canonical_ids":0,"results":[{"message_id":"0:1489064503520108%ff7fb1d3ff7fb1d3"}]},{"multicast_id":7.6320097757469e+18,"success":1,"failure":0,"canonical_ids":0,"results":[{"message_id":"0:1489064503815673%ff7fb1d3ff7fb1d3"}]},{"multicast_id":4.7405707529974e+18,"success":1,"failure":0,"canonical_ids":0,"results":[{"message_id":"0:1489064504179087%ff7fb1d3ff7fb1d3"}]}]

[{"multicast_id":7.1604906134898e+18,"success":1,"failure":0,"canonical_ids":0,"results":[{"message_id":"0:1489064700060878%ff7fb1d3ff7fb1d3"}]},{"multicast_id":7.9848487351433e+18,"success":1,"failure":0,"canonical_ids":0,"results":[{"message_id":"0:1489064700346135%ff7fb1d3ff7fb1d3"}]}]

[{"multicast_id":7.360673952894e+18,"success":1,"failure":0,"canonical_ids":0,"results":[{"message_id":"0:1489065854513942%ff7fb1d3ff7fb1d3"}]},{"multicast_id":7.7097284648986e+18,"success":1,"failure":0,"canonical_ids":0,"results":[{"message_id":"0:1489065854940560%ff7fb1d3ff7fb1d3"}]}]

[{"multicast_id":5.8883011137788e+18,"success":1,"failure":0,"canonical_ids":0,"results":[{"message_id":"0:1489066002853155%ff7fb1d3ff7fb1d3"}]},{"multicast_id":8.1122799702427e+18,"success":1,"failure":0,"canonical_ids":0,"results":[{"message_id":"0:1489066003124931%ff7fb1d3ff7fb1d3"}]}]

[{"multicast_id":7.1026370644153e+18,"success":1,"failure":0,"canonical_ids":0,"results":[{"message_id":"0:1489066096731226%ff7fb1d3ff7fb1d3"}]},{"multicast_id":6.9404346051248e+18,"success":1,"failure":0,"canonical_ids":0,"results":[{"message_id":"0:1489066097066591%ff7fb1d3ff7fb1d3"}]}]

[{"multicast_id":8.64287236023e+18,"success":1,"failure":0,"canonical_ids":0,"results":[{"message_id":"0:1489066156595811%ff7fb1d3ff7fb1d3"}]},{"multicast_id":4.6983554670813e+18,"success":1,"failure":0,"canonical_ids":0,"results":[{"message_id":"0:1489066156963137%ff7fb1d3ff7fb1d3"}]}]

[{"multicast_id":8.2191922687245e+18,"success":1,"failure":0,"canonical_ids":0,"results":[{"message_id":"0:1489066215438022%ff7fb1d3ff7fb1d3"}]},{"multicast_id":4.8389977665859e+18,"success":1,"failure":0,"canonical_ids":0,"results":[{"message_id":"0:1489066215744255%ff7fb1d3ff7fb1d3"}]}]

[{"multicast_id":8.992681655893e+18,"success":1,"failure":0,"canonical_ids":0,"results":[{"message_id":"0:1489066277070897%ff7fb1d3ff7fb1d3"}]},{"multicast_id":4.8641634366262e+18,"success":1,"failure":0,"canonical_ids":0,"results":[{"message_id":"0:1489066277482611%ff7fb1d3ff7fb1d3"}]}]

[{"multicast_id":9.1539559135544e+18,"success":1,"failure":0,"canonical_ids":0,"results":[{"message_id":"0:1489066337384274%ff7fb1d3ff7fb1d3"}]},{"multicast_id":4.684817453691e+18,"success":1,"failure":0,"canonical_ids":0,"results":[{"message_id":"0:1489066337724938%ff7fb1d3ff7fb1d3"}]}]

[{"multicast_id":8.0516771594551e+18,"success":1,"failure":0,"canonical_ids":0,"results":[{"message_id":"0:1489066396917436%ff7fb1d3ff7fb1d3"}]},{"multicast_id":4.8286579543633e+18,"success":1,"failure":0,"canonical_ids":0,"results":[{"message_id":"0:1489066397285919%ff7fb1d3ff7fb1d3"}]}]

[{"multicast_id":6.9599938814339e+18,"success":1,"failure":0,"canonical_ids":0,"results":[{"message_id":"0:1489066457143816%ff7fb1d3ff7fb1d3"}]},{"multicast_id":6.8842129138358e+18,"success":1,"failure":0,"canonical_ids":0,"results":[{"message_id":"0:1489066457546433%ff7fb1d3ff7fb1d3"}]}]

[null,null]

[null,null]

[null,null]

[null,null]

[null,null]

[null,null]

[null,null]

[null,null]

[null,null]

[null,null]

[null,null]

[null,null]

[null,null]

[null,null]

[null,null]

[null,null]

[null,null]

[null,null]

[null,null]

[null,null]

[{"multicast_id":5.9770977618925e+18,"success":1,"failure":0,"canonical_ids":0,"results":[{"message_id":"0:1489067715436735%ff7fb1d3ff7fb1d3"}]},{"multicast_id":8.1908434142719e+18,"success":1,"failure":0,"canonical_ids":0,"results":[{"message_id":"0:1489067715632925%ff7fb1d3ff7fb1d3"}]}]

[{"multicast_id":4.7984032776394e+18,"success":1,"failure":0,"canonical_ids":0,"results":[{"message_id":"0:1489067775430556%ff7fb1d3ff7fb1d3"}]},{"multicast_id":8.8118415533975e+18,"success":1,"failure":0,"canonical_ids":0,"results":[{"message_id":"0:1489067775838859%ff7fb1d3ff7fb1d3"}]}]

[{"multicast_id":6.0759158220825e+18,"success":1,"failure":0,"canonical_ids":0,"results":[{"message_id":"0:1489067835573245%ff7fb1d3ff7fb1d3"}]},{"multicast_id":7.0693223865326e+18,"success":1,"failure":0,"canonical_ids":0,"results":[{"message_id":"0:1489067835793445%ff7fb1d3ff7fb1d3"}]}]

[null,null]

[null,null]

[null,null]

[null,null]

[null,null]

[null,null]

[null,null]

[null,null]

[null,null]

[null,null]

[null,null]

[null,null]

[null,null]

[null,null]

[null,null]

[null,null]

[null,null]

[null,null]

[null,null]

[null,null]

[null,null]

[null,null]

[null,null]

[null,null]

[null,null]

[null,null]

[null,null]

[null,null]

[null,null]

[null,null]

[null,null]

[null,null]

[null,null]

[null,null]

[null,null]

[{"multicast_id":5.0330035222267e+18,"success":1,"failure":0,"canonical_ids":0,"results":[{"message_id":"0:1489104742397199%ff7fb1d3ff7fb1d3"}]},{"multicast_id":8.2308006642711e+18,"success":1,"failure":0,"canonical_ids":0,"results":[{"message_id":"0:1489104742620473%ff7fb1d3ff7fb1d3"}]}]

[{"multicast_id":7.2855311477048e+18,"success":1,"failure":0,"canonical_ids":0,"results":[{"message_id":"0:1489104831582830%ff7fb1d3ff7fb1d3"}]},{"multicast_id":7.2859441289716e+18,"success":1,"failure":0,"canonical_ids":0,"results":[{"message_id":"0:1489104831912134%ff7fb1d3ff7fb1d3"}]}]

[{"multicast_id":7.1043576443617e+18,"success":1,"failure":0,"canonical_ids":0,"results":[{"message_id":"0:1489104977321206%ff7fb1d3ff7fb1d3"}]},{"multicast_id":8.5762438051288e+18,"success":1,"failure":0,"canonical_ids":0,"results":[{"message_id":"0:1489104977575880%ff7fb1d3ff7fb1d3"}]}]

[{"multicast_id":5.1382407759434e+18,"success":1,"failure":0,"canonical_ids":0,"results":[{"message_id":"0:1489105149853308%ff7fb1d3ff7fb1d3"}]},{"multicast_id":8.5156632465379e+18,"success":1,"failure":0,"canonical_ids":0,"results":[{"message_id":"0:1489105150092989%ff7fb1d3ff7fb1d3"}]}]

[{"multicast_id":4.8680803173169e+18,"success":1,"failure":0,"canonical_ids":0,"results":[{"message_id":"0:1489105251044479%ff7fb1d3ff7fb1d3"}]},{"multicast_id":7.4249823816152e+18,"success":1,"failure":0,"canonical_ids":0,"results":[{"message_id":"0:1489105251275803%ff7fb1d3ff7fb1d3"}]}]

[{"multicast_id":5.8030576618793e+18,"success":1,"failure":0,"canonical_ids":0,"results":[{"message_id":"0:1489105330926857%ff7fb1d3ff7fb1d3"}]},{"multicast_id":6.5817744329246e+18,"success":1,"failure":0,"canonical_ids":0,"results":[{"message_id":"0:1489105331198988%ff7fb1d3ff7fb1d3"}]},{"multicast_id":6.7801823411008e+18,"success":1,"failure":0,"canonical_ids":0,"results":[{"message_id":"0:1489105331491702%ff7fb1d3ff7fb1d3"}]},{"multicast_id":4.6554385781209e+18,"success":1,"failure":0,"canonical_ids":0,"results":[{"message_id":"0:1489105331785423%ff7fb1d3ff7fb1d3"}]}]

[{"multicast_id":6.5125584208755e+18,"success":1,"failure":0,"canonical_ids":0,"results":[{"message_id":"0:1489105601986431%ff7fb1d3ff7fb1d3"}]},{"multicast_id":7.5940318286276e+18,"success":1,"failure":0,"canonical_ids":0,"results":[{"message_id":"0:1489105602418507%ff7fb1d3ff7fb1d3"}]},{"multicast_id":8.3153069236709e+18,"success":1,"failure":0,"canonical_ids":0,"results":[{"message_id":"0:1489105602718509%ff7fb1d3ff7fb1d3"}]},{"multicast_id":5.6271457005609e+18,"success":1,"failure":0,"canonical_ids":0,"results":[{"message_id":"0:1489105603740009%ff7fb1d3ff7fb1d3"}]}]

[{"multicast_id":7.7939355946987e+18,"success":1,"failure":0,"canonical_ids":0,"results":[{"message_id":"0:1489105682639551%ff7fb1d3ff7fb1d3"}]},{"multicast_id":5.5841102012999e+18,"success":1,"failure":0,"canonical_ids":0,"results":[{"message_id":"0:1489105682931224%ff7fb1d3ff7fb1d3"}]},{"multicast_id":5.5020183198227e+18,"success":1,"failure":0,"canonical_ids":0,"results":[{"message_id":"0:1489105683222625%ff7fb1d3ff7fb1d3"}]},{"multicast_id":8.5852627734054e+18,"success":1,"failure":0,"canonical_ids":0,"results":[{"message_id":"0:1489105683858176%ff7fb1d3ff7fb1d3"}]}]

[{"multicast_id":5.3407798092448e+18,"success":1,"failure":0,"canonical_ids":0,"results":[{"message_id":"0:1489105786921682%ff7fb1d3ff7fb1d3"}]},{"multicast_id":6.9648402110061e+18,"success":1,"failure":0,"canonical_ids":0,"results":[{"message_id":"0:1489105787188694%ff7fb1d3ff7fb1d3"}]},{"multicast_id":7.4697622340439e+18,"success":1,"failure":0,"canonical_ids":0,"results":[{"message_id":"0:1489105787419506%ff7fb1d3ff7fb1d3"}]},{"multicast_id":5.722861617029e+18,"success":1,"failure":0,"canonical_ids":0,"results":[{"message_id":"0:1489105787724473%ff7fb1d3ff7fb1d3"}]}]

[{"multicast_id":8.0865141188572e+18,"success":1,"failure":0,"canonical_ids":0,"results":[{"message_id":"0:1489105942910811%ff7fb1d3ff7fb1d3"}]},{"multicast_id":5.3319938355521e+18,"success":1,"failure":0,"canonical_ids":0,"results":[{"message_id":"0:1489105943226578%ff7fb1d3ff7fb1d3"}]},{"multicast_id":6.6775540530497e+18,"success":1,"failure":0,"canonical_ids":0,"results":[{"message_id":"0:1489105943659883%ff7fb1d3ff7fb1d3"}]},{"multicast_id":7.8085750203687e+18,"success":1,"failure":0,"canonical_ids":0,"results":[{"message_id":"0:1489105943977916%ff7fb1d3ff7fb1d3"}]}]

[{"multicast_id":5.5819338360105e+18,"success":1,"failure":0,"canonical_ids":0,"results":[{"message_id":"0:1489106129497488%ff7fb1d3ff7fb1d3"}]},{"multicast_id":5.0570939148838e+18,"success":1,"failure":0,"canonical_ids":0,"results":[{"message_id":"0:1489106130040546%ff7fb1d3ff7fb1d3"}]},{"multicast_id":9.0755962875487e+18,"success":1,"failure":0,"canonical_ids":0,"results":[{"message_id":"0:1489106130343320%ff7fb1d3ff7fb1d3"}]},{"multicast_id":8.3287236285229e+18,"success":1,"failure":0,"canonical_ids":0,"results":[{"message_id":"0:1489106130607059%ff7fb1d3ff7fb1d3"}]}]

[{"multicast_id":8.7538691952439e+18,"success":1,"failure":0,"canonical_ids":0,"results":[{"message_id":"0:1489106207828471%ff7fb1d3ff7fb1d3"}]},{"multicast_id":7.6398844410859e+18,"success":1,"failure":0,"canonical_ids":0,"results":[{"message_id":"0:1489106208349287%ff7fb1d3ff7fb1d3"}]},{"multicast_id":8.0965761027644e+18,"success":1,"failure":0,"canonical_ids":0,"results":[{"message_id":"0:1489106208760898%ff7fb1d3ff7fb1d3"}]},{"multicast_id":5.4956993526741e+18,"success":1,"failure":0,"canonical_ids":0,"results":[{"message_id":"0:1489106209362824%ff7fb1d3ff7fb1d3"}]}]

[{"multicast_id":8.5403895082616e+18,"success":1,"failure":0,"canonical_ids":0,"results":[{"message_id":"0:1489106401600255%ff7fb1d3ff7fb1d3"}]},{"multicast_id":6.7267677302928e+18,"success":1,"failure":0,"canonical_ids":0,"results":[{"message_id":"0:1489106401898247%ff7fb1d3ff7fb1d3"}]}]

[{"multicast_id":6.5983243738414e+18,"success":1,"failure":0,"canonical_ids":0,"results":[{"message_id":"0:1489118494873735%ff7fb1d3ff7fb1d3"}]},{"multicast_id":4.7489202715021e+18,"success":1,"failure":0,"canonical_ids":0,"results":[{"message_id":"0:1489118495378926%ff7fb1d3ff7fb1d3"}]}]

[{"multicast_id":5.3840521215362e+18,"success":1,"failure":0,"canonical_ids":0,"results":[{"message_id":"0:1489118530883795%ff7fb1d3ff7fb1d3"}]},{"multicast_id":7.2912813339547e+18,"success":1,"failure":0,"canonical_ids":0,"results":[{"message_id":"0:1489118531464530%ff7fb1d3ff7fb1d3"}]}]

[{"multicast_id":7.3028116970973e+18,"success":1,"failure":0,"canonical_ids":0,"results":[{"message_id":"0:1489118591163452%ff7fb1d3ff7fb1d3"}]},{"multicast_id":5.2568368340533e+18,"success":1,"failure":0,"canonical_ids":0,"results":[{"message_id":"0:1489118591782339%ff7fb1d3ff7fb1d3"}]}]

[{"multicast_id":7.5242837507955e+18,"success":1,"failure":0,"canonical_ids":0,"results":[{"message_id":"0:1489118651198387%ff7fb1d3ff7fb1d3"}]},{"multicast_id":7.2206098191261e+18,"success":1,"failure":0,"canonical_ids":0,"results":[{"message_id":"0:1489118652749542%ff7fb1d3ff7fb1d3"}]}]

[{"multicast_id":7.7918448809008e+18,"success":1,"failure":0,"canonical_ids":0,"results":[{"message_id":"0:1489118711091454%ff7fb1d3ff7fb1d3"}]},{"multicast_id":6.205527371648e+18,"success":1,"failure":0,"canonical_ids":0,"results":[{"message_id":"0:1489118712348095%ff7fb1d3ff7fb1d3"}]}]

[{"multicast_id":5.761862284892e+18,"success":1,"failure":0,"canonical_ids":0,"results":[{"message_id":"0:1489118771352120%ff7fb1d3ff7fb1d3"}]},{"multicast_id":6.2044632943156e+18,"success":1,"failure":0,"canonical_ids":0,"results":[{"message_id":"0:1489118772782345%ff7fb1d3ff7fb1d3"}]}]

[{"multicast_id":5.7632216053569e+18,"success":1,"failure":0,"canonical_ids":0,"results":[{"message_id":"0:1489118831196150%ff7fb1d3ff7fb1d3"}]},{"multicast_id":6.0901496190363e+18,"success":1,"failure":0,"canonical_ids":0,"results":[{"message_id":"0:1489118836229177%ff7fb1d3ff7fb1d3"}]}]

[{"multicast_id":4.7386900693427e+18,"success":1,"failure":0,"canonical_ids":0,"results":[{"message_id":"0:1489118891590272%ff7fb1d3ff7fb1d3"}]},{"multicast_id":8.2988543012908e+18,"success":1,"failure":0,"canonical_ids":0,"results":[{"message_id":"0:1489118892790615%ff7fb1d3ff7fb1d3"}]}]

[{"multicast_id":7.1209075161334e+18,"success":1,"failure":0,"canonical_ids":0,"results":[{"message_id":"0:1489118951048268%ff7fb1d3ff7fb1d3"}]},{"multicast_id":7.9648839484184e+18,"success":1,"failure":0,"canonical_ids":0,"results":[{"message_id":"0:1489118951699124%ff7fb1d3ff7fb1d3"}]}]

[{"multicast_id":5.1341034108802e+18,"success":1,"failure":0,"canonical_ids":0,"results":[{"message_id":"0:1489119011940389%ff7fb1d3ff7fb1d3"}]},{"multicast_id":8.8738249480827e+18,"success":1,"failure":0,"canonical_ids":0,"results":[{"message_id":"0:1489119012895612%ff7fb1d3ff7fb1d3"}]}]

[{"multicast_id":4.7949685636623e+18,"success":1,"failure":0,"canonical_ids":0,"results":[{"message_id":"0:1489119072322427%ff7fb1d3ff7fb1d3"}]},{"multicast_id":5.212383753445e+18,"success":1,"failure":0,"canonical_ids":0,"results":[{"message_id":"0:1489119073945730%ff7fb1d3ff7fb1d3"}]}]

[{"multicast_id":7.6659345599702e+18,"success":1,"failure":0,"canonical_ids":0,"results":[{"message_id":"0:1489119131684314%ff7fb1d3ff7fb1d3"}]},{"multicast_id":4.9662357961443e+18,"success":1,"failure":0,"canonical_ids":0,"results":[{"message_id":"0:1489119132077404%ff7fb1d3ff7fb1d3"}]}]

[{"multicast_id":8.5866206727295e+18,"success":1,"failure":0,"canonical_ids":0,"results":[{"message_id":"0:1489119192219678%ff7fb1d3ff7fb1d3"}]},{"multicast_id":6.9675521912965e+18,"success":1,"failure":0,"canonical_ids":0,"results":[{"message_id":"0:1489119192581932%ff7fb1d3ff7fb1d3"}]}]

[{"multicast_id":7.4031341059659e+18,"success":1,"failure":0,"canonical_ids":0,"results":[{"message_id":"0:1489119252953048%ff7fb1d3ff7fb1d3"}]},{"multicast_id":7.6035198097384e+18,"success":1,"failure":0,"canonical_ids":0,"results":[{"message_id":"0:1489119253309890%ff7fb1d3ff7fb1d3"}]}]

[{"multicast_id":8.6468171552065e+18,"success":1,"failure":0,"canonical_ids":0,"results":[{"message_id":"0:1489119317425171%ff7fb1d3ff7fb1d3"}]},{"multicast_id":9.0988497290928e+18,"success":1,"failure":0,"canonical_ids":0,"results":[{"message_id":"0:1489119317857141%ff7fb1d3ff7fb1d3"}]}]

[{"multicast_id":8.7990391017016e+18,"success":1,"failure":0,"canonical_ids":0,"results":[{"message_id":"0:1489119371688070%ff7fb1d3ff7fb1d3"}]},{"multicast_id":8.1439489323521e+18,"success":1,"failure":0,"canonical_ids":0,"results":[{"message_id":"0:1489119372179382%ff7fb1d3ff7fb1d3"}]}]

[{"multicast_id":7.1963771941888e+18,"success":1,"failure":0,"canonical_ids":0,"results":[{"message_id":"0:1489119431842046%ff7fb1d3ff7fb1d3"}]},{"multicast_id":9.1591685549917e+18,"success":1,"failure":0,"canonical_ids":0,"results":[{"message_id":"0:1489119432170409%ff7fb1d3ff7fb1d3"}]}]

[{"multicast_id":8.9889045333745e+18,"success":1,"failure":0,"canonical_ids":0,"results":[{"message_id":"0:1489119494176748%ff7fb1d3ff7fb1d3"}]},{"multicast_id":6.0766991988781e+18,"success":1,"failure":0,"canonical_ids":0,"results":[{"message_id":"0:1489119495373136%ff7fb1d3ff7fb1d3"}]}]

[{"multicast_id":5.4900911724273e+18,"success":1,"failure":0,"canonical_ids":0,"results":[{"message_id":"0:1489119552898391%ff7fb1d3ff7fb1d3"}]},{"multicast_id":7.6492451261912e+18,"success":1,"failure":0,"canonical_ids":0,"results":[{"message_id":"0:1489119554295155%ff7fb1d3ff7fb1d3"}]}]

[{"multicast_id":6.1660931988001e+18,"success":1,"failure":0,"canonical_ids":0,"results":[{"message_id":"0:1489119614501500%ff7fb1d3ff7fb1d3"}]},{"multicast_id":6.644530295654e+18,"success":1,"failure":0,"canonical_ids":0,"results":[{"message_id":"0:1489119616399883%ff7fb1d3ff7fb1d3"}]}]

[{"multicast_id":6.4286320442546e+18,"success":1,"failure":0,"canonical_ids":0,"results":[{"message_id":"0:1489119670988044%ff7fb1d3ff7fb1d3"}]},{"multicast_id":8.9652754212791e+18,"success":1,"failure":0,"canonical_ids":0,"results":[{"message_id":"0:1489119672215255%ff7fb1d3ff7fb1d3"}]}]

[{"multicast_id":7.0126716916891e+18,"success":1,"failure":0,"canonical_ids":0,"results":[{"message_id":"0:1489119731580425%ff7fb1d3ff7fb1d3"}]},{"multicast_id":7.797187151035e+18,"success":1,"failure":0,"canonical_ids":0,"results":[{"message_id":"0:1489119732468225%ff7fb1d3ff7fb1d3"}]}]

[{"multicast_id":8.3933894277881e+18,"success":1,"failure":0,"canonical_ids":0,"results":[{"message_id":"0:1489119791756841%ff7fb1d3ff7fb1d3"}]},{"multicast_id":5.4040842362216e+18,"success":1,"failure":0,"canonical_ids":0,"results":[{"message_id":"0:1489119792166586%ff7fb1d3ff7fb1d3"}]}]

[{"multicast_id":6.1905903412609e+18,"success":1,"failure":0,"canonical_ids":0,"results":[{"message_id":"0:1489119854180992%ff7fb1d3ff7fb1d3"}]},{"multicast_id":5.4184138689239e+18,"success":1,"failure":0,"canonical_ids":0,"results":[{"message_id":"0:1489119854492492%ff7fb1d3ff7fb1d3"}]}]

[{"multicast_id":6.826514271137e+18,"success":1,"failure":0,"canonical_ids":0,"results":[{"message_id":"0:1489119912066376%ff7fb1d3ff7fb1d3"}]},{"multicast_id":7.2467664226374e+18,"success":1,"failure":0,"canonical_ids":0,"results":[{"message_id":"0:1489119912479067%ff7fb1d3ff7fb1d3"}]}]

[{"multicast_id":6.1399596165069e+18,"success":1,"failure":0,"canonical_ids":0,"results":[{"message_id":"0:1489119972382616%ff7fb1d3ff7fb1d3"}]},{"multicast_id":8.7931911677341e+18,"success":1,"failure":0,"canonical_ids":0,"results":[{"message_id":"0:1489119973461303%ff7fb1d3ff7fb1d3"}]}]

[{"multicast_id":7.886452035496e+18,"success":1,"failure":0,"canonical_ids":0,"results":[{"message_id":"0:1489120032765580%ff7fb1d3ff7fb1d3"}]},{"multicast_id":6.822023638031e+18,"success":1,"failure":0,"canonical_ids":0,"results":[{"message_id":"0:1489120033737616%ff7fb1d3ff7fb1d3"}]}]

[{"multicast_id":7.6299807064252e+18,"success":1,"failure":0,"canonical_ids":0,"results":[{"message_id":"0:1489120090587250%ff7fb1d3ff7fb1d3"}]},{"multicast_id":5.0689706820512e+18,"success":1,"failure":0,"canonical_ids":0,"results":[{"message_id":"0:1489120090882820%ff7fb1d3ff7fb1d3"}]}]

[{"multicast_id":6.5336344983684e+18,"success":1,"failure":0,"canonical_ids":0,"results":[{"message_id":"0:1489120150552919%ff7fb1d3ff7fb1d3"}]},{"multicast_id":6.7676121110585e+18,"success":1,"failure":0,"canonical_ids":0,"results":[{"message_id":"0:1489120150850063%ff7fb1d3ff7fb1d3"}]}]

[{"multicast_id":6.1465303480029e+18,"success":1,"failure":0,"canonical_ids":0,"results":[{"message_id":"0:1489120210750679%ff7fb1d3ff7fb1d3"}]},{"multicast_id":8.5524602455329e+18,"success":1,"failure":0,"canonical_ids":0,"results":[{"message_id":"0:1489120211133015%ff7fb1d3ff7fb1d3"}]}]

[{"multicast_id":8.7025420313316e+18,"success":1,"failure":0,"canonical_ids":0,"results":[{"message_id":"0:1489120272677026%ff7fb1d3ff7fb1d3"}]},{"multicast_id":7.6045776177518e+18,"success":1,"failure":0,"canonical_ids":0,"results":[{"message_id":"0:1489120274618609%ff7fb1d3ff7fb1d3"}]}]

[{"multicast_id":6.9187411474115e+18,"success":1,"failure":0,"canonical_ids":0,"results":[{"message_id":"0:1489120333322173%ff7fb1d3ff7fb1d3"}]},{"multicast_id":7.7255712997629e+18,"success":1,"failure":0,"canonical_ids":0,"results":[{"message_id":"0:1489120333685501%ff7fb1d3ff7fb1d3"}]}]

[{"multicast_id":4.6745983079033e+18,"success":1,"failure":0,"canonical_ids":0,"results":[{"message_id":"0:1489120391291935%ff7fb1d3ff7fb1d3"}]},{"multicast_id":6.2778282663821e+18,"success":1,"failure":0,"canonical_ids":0,"results":[{"message_id":"0:1489120392175669%ff7fb1d3ff7fb1d3"}]}]

[{"multicast_id":8.3008413858272e+18,"success":1,"failure":0,"canonical_ids":0,"results":[{"message_id":"0:1489120451750230%ff7fb1d3ff7fb1d3"}]},{"multicast_id":5.89633988028e+18,"success":1,"failure":0,"canonical_ids":0,"results":[{"message_id":"0:1489120453559786%ff7fb1d3ff7fb1d3"}]}]

[{"multicast_id":6.5782639507224e+18,"success":1,"failure":0,"canonical_ids":0,"results":[{"message_id":"0:1489120513560475%ff7fb1d3ff7fb1d3"}]},{"multicast_id":7.2874006862603e+18,"success":1,"failure":0,"canonical_ids":0,"results":[{"message_id":"0:1489120517539834%ff7fb1d3ff7fb1d3"}]}]

[{"multicast_id":7.1199696917081e+18,"success":1,"failure":0,"canonical_ids":0,"results":[{"message_id":"0:1489120572609611%ff7fb1d3ff7fb1d3"}]},{"multicast_id":7.2733554341787e+18,"success":1,"failure":0,"canonical_ids":0,"results":[{"message_id":"0:1489120574332776%ff7fb1d3ff7fb1d3"}]}]

[{"multicast_id":7.5420283737098e+18,"success":1,"failure":0,"canonical_ids":0,"results":[{"message_id":"0:1489120631448059%ff7fb1d3ff7fb1d3"}]},{"multicast_id":8.3969158859446e+18,"success":1,"failure":0,"canonical_ids":0,"results":[{"message_id":"0:1489120632759769%ff7fb1d3ff7fb1d3"}]}]

[{"multicast_id":6.2722244812377e+18,"success":1,"failure":0,"canonical_ids":0,"results":[{"message_id":"0:1489120692182882%ff7fb1d3ff7fb1d3"}]},{"multicast_id":6.7205041607128e+18,"success":1,"failure":0,"canonical_ids":0,"results":[{"message_id":"0:1489120693013579%ff7fb1d3ff7fb1d3"}]}]

[{"multicast_id":5.7047640386475e+18,"success":1,"failure":0,"canonical_ids":0,"results":[{"message_id":"0:1489120753801462%ff7fb1d3ff7fb1d3"}]},{"multicast_id":5.4841062998741e+18,"success":1,"failure":0,"canonical_ids":0,"results":[{"message_id":"0:1489120754672576%ff7fb1d3ff7fb1d3"}]}]

[{"multicast_id":4.7736718828022e+18,"success":1,"failure":0,"canonical_ids":0,"results":[{"message_id":"0:1489120835112434%ff7fb1d3ff7fb1d3"}]},{"multicast_id":9.1655658501868e+18,"success":1,"failure":0,"canonical_ids":0,"results":[{"message_id":"0:1489120835372563%ff7fb1d3ff7fb1d3"}]}]

[{"multicast_id":7.1342913183496e+18,"success":1,"failure":0,"canonical_ids":0,"results":[{"message_id":"0:1489120870922338%ff7fb1d3ff7fb1d3"}]},{"multicast_id":8.4753123173668e+18,"success":1,"failure":0,"canonical_ids":0,"results":[{"message_id":"0:1489120871260910%ff7fb1d3ff7fb1d3"}]}]

[{"multicast_id":7.491605164033e+18,"success":1,"failure":0,"canonical_ids":0,"results":[{"message_id":"0:1489120936324966%ff7fb1d3ff7fb1d3"}]},{"multicast_id":6.697572214369e+18,"success":1,"failure":0,"canonical_ids":0,"results":[{"message_id":"0:1489120943497494%ff7fb1d3ff7fb1d3"}]}]

[{"multicast_id":7.1938211417962e+18,"success":1,"failure":0,"canonical_ids":0,"results":[{"message_id":"0:1489120993763350%ff7fb1d3ff7fb1d3"}]},{"multicast_id":8.5435529558052e+18,"success":1,"failure":0,"canonical_ids":0,"results":[{"message_id":"0:1489120994251872%ff7fb1d3ff7fb1d3"}]}]

[{"multicast_id":5.9460679456404e+18,"success":1,"failure":0,"canonical_ids":0,"results":[{"message_id":"0:1489121054626692%ff7fb1d3ff7fb1d3"}]},{"multicast_id":5.6541740888266e+18,"success":1,"failure":0,"canonical_ids":0,"results":[{"message_id":"0:1489121054993804%ff7fb1d3ff7fb1d3"}]}]

[{"multicast_id":6.4170297081405e+18,"success":1,"failure":0,"canonical_ids":0,"results":[{"message_id":"0:1489121110572568%ff7fb1d3ff7fb1d3"}]},{"multicast_id":8.8456866079097e+18,"success":1,"failure":0,"canonical_ids":0,"results":[{"message_id":"0:1489121110898352%ff7fb1d3ff7fb1d3"}]}]

[{"multicast_id":6.2391812632175e+18,"success":1,"failure":0,"canonical_ids":0,"results":[{"message_id":"0:1489121178004555%ff7fb1d3ff7fb1d3"}]},{"multicast_id":6.4351207758417e+18,"success":1,"failure":0,"canonical_ids":0,"results":[{"message_id":"0:1489121179442362%ff7fb1d3ff7fb1d3"}]}]

[{"multicast_id":7.9146442121272e+18,"success":1,"failure":0,"canonical_ids":0,"results":[{"message_id":"0:1489121232415687%ff7fb1d3ff7fb1d3"}]},{"multicast_id":5.8304686453166e+18,"success":1,"failure":0,"canonical_ids":0,"results":[{"message_id":"0:1489121233840705%ff7fb1d3ff7fb1d3"}]}]

[{"multicast_id":6.9282557745714e+18,"success":1,"failure":0,"canonical_ids":0,"results":[{"message_id":"0:1489121291320886%ff7fb1d3ff7fb1d3"}]},{"multicast_id":8.2885919450079e+18,"success":1,"failure":0,"canonical_ids":0,"results":[{"message_id":"0:1489121293169849%ff7fb1d3ff7fb1d3"}]}]

[{"multicast_id":6.99101953127e+18,"success":1,"failure":0,"canonical_ids":0,"results":[{"message_id":"0:1489121350605643%ff7fb1d3ff7fb1d3"}]},{"multicast_id":7.863342645261e+18,"success":1,"failure":0,"canonical_ids":0,"results":[{"message_id":"0:1489121350920649%ff7fb1d3ff7fb1d3"}]}]

[{"multicast_id":7.0306975878276e+18,"success":1,"failure":0,"canonical_ids":0,"results":[{"message_id":"0:1489121412189946%ff7fb1d3ff7fb1d3"}]},{"multicast_id":9.0836563619779e+18,"success":1,"failure":0,"canonical_ids":0,"results":[{"message_id":"0:1489121412578226%ff7fb1d3ff7fb1d3"}]}]

[{"multicast_id":5.4534727163312e+18,"success":1,"failure":0,"canonical_ids":0,"results":[{"message_id":"0:1489121486222873%ff7fb1d3ff7fb1d3"}]},{"multicast_id":7.3914420500199e+18,"success":1,"failure":0,"canonical_ids":0,"results":[{"message_id":"0:1489121486544807%ff7fb1d3ff7fb1d3"}]}]

[{"multicast_id":8.5809504349046e+18,"success":1,"failure":0,"canonical_ids":0,"results":[{"message_id":"0:1489121533459494%ff7fb1d3ff7fb1d3"}]},{"multicast_id":8.8819559791365e+18,"success":1,"failure":0,"canonical_ids":0,"results":[{"message_id":"0:1489121538633122%ff7fb1d3ff7fb1d3"}]}]

[{"multicast_id":6.0335028925769e+18,"success":1,"failure":0,"canonical_ids":0,"results":[{"message_id":"0:1489121615353864%ff7fb1d3ff7fb1d3"}]},{"multicast_id":5.62140479276e+18,"success":1,"failure":0,"canonical_ids":0,"results":[{"message_id":"0:1489121617176415%ff7fb1d3ff7fb1d3"}]}]

[{"multicast_id":5.107009647416e+18,"success":1,"failure":0,"canonical_ids":0,"results":[{"message_id":"0:1489121651587089%ff7fb1d3ff7fb1d3"}]},{"multicast_id":5.8783891610337e+18,"success":1,"failure":0,"canonical_ids":0,"results":[{"message_id":"0:1489121651952534%ff7fb1d3ff7fb1d3"}]}]

[{"multicast_id":4.7896189679801e+18,"success":1,"failure":0,"canonical_ids":0,"results":[{"message_id":"0:1489121712200283%ff7fb1d3ff7fb1d3"}]},{"multicast_id":6.6829415283124e+18,"success":1,"failure":0,"canonical_ids":0,"results":[{"message_id":"0:1489121712446018%ff7fb1d3ff7fb1d3"}]}]

[{"multicast_id":8.065760645647e+18,"success":1,"failure":0,"canonical_ids":0,"results":[{"message_id":"0:1489121773234196%ff7fb1d3ff7fb1d3"}]},{"multicast_id":6.5261578922084e+18,"success":1,"failure":0,"canonical_ids":0,"results":[{"message_id":"0:1489121774247323%ff7fb1d3ff7fb1d3"}]}]

[null,null]

[null,null]

[null,null]

[null,null]

[null,null]

[null,null]

[null,null]

[null,null]

[null,null]

[null,null]

